{"name": "test_message_disappeared_after_adding_product_to_basket", "status": "skipped", "statusDetails": {"message": "XFAIL\n\nAssertionError: Success message is presented", "trace": "self = <module_5.test_product_page.TestProductPage object at 0x7fdf62193250>\nbrowser = <selenium.webdriver.chrome.webdriver.WebDriver (session=\"a6798fcace74eebeb6fd1adfb58adbca\")>\n\n    @pytest.mark.xfail\n    def test_message_disappeared_after_adding_product_to_basket(self, browser):\n        link = \"http://selenium1py.pythonanywhere.com/catalogue/coders-at-work_207/\"\n    \n        page = ProductPage(browser, link)\n        page.open()\n        page.add_product_to_the_bascket()\n    \n>       page.should_be_success_message()\n\nmodule_5/test_product_page.py:64: \n_ _ _ _ _ _ _ _ _ _ _ _ _ _ _ _ _ _ _ _ _ _ _ _ _ _ _ _ _ _ _ _ _ _ _ _ _ _ _ _ _ _ _ _ _ _ _ _ _ _ _ _ _ _ _ _ _ _ _ _ _ _ _ _ _ _ _ _ _ _ _ _ _ _ _ _ _ _ _ _ _ _ _ _ _ _ _ _\n\nself = <module_5.pages.product_page.ProductPage object at 0x7fdf6252fe80>\n\n    def should_be_success_message(self):\n>       assert self.is_disappeared(*ProductPageLocators.SUCCESS_MESSAGE), \\\n            \"Success message is presented\"\nE       AssertionError: Success message is presented\n\nmodule_5/pages/product_page.py:40: AssertionError"}, "start": 1607870646852, "stop": 1607870655015, "uuid": "249f5e91-2599-48fd-a964-f289ebe7cb13", "historyId": "00be33377795fb724b903c2887a23a71", "testCaseId": "fa25c69e3b5587acb9c7c5cae86c7e1a", "fullName": "test_product_page.TestProductPage#test_message_disappeared_after_adding_product_to_basket", "labels": [{"name": "tag", "value": "@pytest.mark.xfail"}, {"name": "suite", "value": "test_product_page"}, {"name": "subSuite", "value": "TestProductPage"}, {"name": "host", "value": "Air-Oleg"}, {"name": "thread", "value": "5524-MainThread"}, {"name": "framework", "value": "pytest"}, {"name": "language", "value": "cpython3"}, {"name": "package", "value": "test_product_page"}]}